app/build/intermediates/manifest_merge_blame_file/debug/manifest-merger-blame-debug-report.txt
1<?xml version="1.0" encoding="utf-8"?>
2<manifest xmlns:android="http://schemas.android.com/apk/res/android"
3    package="com.example.quaketodayid"
4    android:versionCode="1"
5    android:versionName="1.0" >
6
7    <uses-sdk
8        android:minSdkVersion="21"
8-->src\main\AndroidManifest.xml
9        android:targetSdkVersion="31" />
9-->src\main\AndroidManifest.xml
10
11    <uses-permission android:name="android.permission.ACCESS_FINE_LOCATION" />
11-->src\main\AndroidManifest.xml:6:5-79
11-->src\main\AndroidManifest.xml:6:22-76
12    <uses-permission android:name="android.permission.ACCESS_COARSE_LOCATION" />
12-->src\main\AndroidManifest.xml:7:5-81
12-->src\main\AndroidManifest.xml:7:22-78
13    <uses-permission android:name="android.permission.INTERNET" />
13-->src\main\AndroidManifest.xml:8:5-67
13-->src\main\AndroidManifest.xml:8:22-64
14
15    <uses-feature
15-->[com.mapbox.mapboxsdk:mapbox-android-sdk:9.2.0] AndroidManifest.xml:9:5-11:35
16        android:glEsVersion="0x00020000"
16-->[com.mapbox.mapboxsdk:mapbox-android-sdk:9.2.0] AndroidManifest.xml:10:9-41
17        android:required="true" />
17-->[com.mapbox.mapboxsdk:mapbox-android-sdk:9.2.0] AndroidManifest.xml:11:9-32
18    <uses-feature
18-->[com.mapbox.mapboxsdk:mapbox-android-sdk:9.2.0] AndroidManifest.xml:12:5-14:36
19        android:name="android.hardware.wifi"
19-->[com.mapbox.mapboxsdk:mapbox-android-sdk:9.2.0] AndroidManifest.xml:13:9-45
20        android:required="false" />
20-->[com.mapbox.mapboxsdk:mapbox-android-sdk:9.2.0] AndroidManifest.xml:14:9-33
21
22    <uses-permission android:name="android.permission.ACCESS_NETWORK_STATE" />
22-->[com.mapbox.mapboxsdk:mapbox-android-sdk:9.2.0] AndroidManifest.xml:17:5-79
22-->[com.mapbox.mapboxsdk:mapbox-android-sdk:9.2.0] AndroidManifest.xml:17:22-76
23    <uses-permission android:name="android.permission.ACCESS_WIFI_STATE" /> <!-- Required for CrashReporterJobIntentService on API levels below 25 -->
23-->[com.mapbox.mapboxsdk:mapbox-android-sdk:9.2.0] AndroidManifest.xml:18:5-76
23-->[com.mapbox.mapboxsdk:mapbox-android-sdk:9.2.0] AndroidManifest.xml:18:22-73
24    <uses-permission android:name="android.permission.WAKE_LOCK" />
24-->[com.mapbox.mapboxsdk:mapbox-android-telemetry:6.1.0] AndroidManifest.xml:12:5-68
24-->[com.mapbox.mapboxsdk:mapbox-android-telemetry:6.1.0] AndroidManifest.xml:12:22-65
25    <uses-permission android:name="android.permission.RECEIVE_BOOT_COMPLETED" />
25-->[androidx.work:work-runtime:2.7.1] AndroidManifest.xml:27:5-81
25-->[androidx.work:work-runtime:2.7.1] AndroidManifest.xml:27:22-78
26    <uses-permission android:name="android.permission.FOREGROUND_SERVICE" />
26-->[androidx.work:work-runtime:2.7.1] AndroidManifest.xml:28:5-77
26-->[androidx.work:work-runtime:2.7.1] AndroidManifest.xml:28:22-74
27
28    <application
28-->src\main\AndroidManifest.xml:10:5-44:19
29        android:name="com.example.quaketodayid.BaseApp"
29-->src\main\AndroidManifest.xml:11:9-32
30        android:allowBackup="true"
30-->src\main\AndroidManifest.xml:12:9-35
31        android:appComponentFactory="androidx.core.app.CoreComponentFactory"
31-->[androidx.core:core:1.7.0] AndroidManifest.xml:24:18-86
32        android:debuggable="true"
33        android:icon="@mipmap/ic_launcher"
33-->src\main\AndroidManifest.xml:13:9-43
34        android:label="@string/app_name"
34-->src\main\AndroidManifest.xml:14:9-41
35        android:roundIcon="@mipmap/ic_launcher_round"
35-->src\main\AndroidManifest.xml:15:9-54
36        android:supportsRtl="true"
36-->src\main\AndroidManifest.xml:16:9-35
37        android:testOnly="true"
38        android:theme="@style/Theme.QuakeTodayID" >
38-->src\main\AndroidManifest.xml:17:9-50
39        <activity
39-->src\main\AndroidManifest.xml:19:9-22:84
40            android:name="com.example.quaketodayid.ui.shakemap.ShakeMapViewActivity"
40-->src\main\AndroidManifest.xml:20:13-61
41            android:exported="false"
41-->src\main\AndroidManifest.xml:21:13-37
42            android:theme="@style/Theme.MaterialComponents.DayNight.NoActionBar" />
42-->src\main\AndroidManifest.xml:22:13-81
43        <activity
43-->src\main\AndroidManifest.xml:29:9-33:66
44            android:name="com.example.quaketodayid.ui.detail.DetailGempaActivity"
44-->src\main\AndroidManifest.xml:30:13-58
45            android:exported="false"
45-->src\main\AndroidManifest.xml:31:13-37
46            android:label="Detail Gempa"
46-->src\main\AndroidManifest.xml:32:13-41
47            android:parentActivityName="com.example.quaketodayid.ui.main.MainActivity" />
47-->src\main\AndroidManifest.xml:33:13-63
48        <activity
48-->src\main\AndroidManifest.xml:34:9-43:20
49            android:name="com.example.quaketodayid.ui.main.MainActivity"
49-->src\main\AndroidManifest.xml:35:13-49
50            android:exported="true"
50-->src\main\AndroidManifest.xml:36:13-36
51            android:theme="@style/Theme.QuakeTodayID.NoActionBar" >
51-->src\main\AndroidManifest.xml:37:13-66
52            <intent-filter>
52-->src\main\AndroidManifest.xml:38:13-42:29
53                <action android:name="android.intent.action.MAIN" />
53-->src\main\AndroidManifest.xml:39:17-69
53-->src\main\AndroidManifest.xml:39:25-66
54
55                <category android:name="android.intent.category.LAUNCHER" />
55-->src\main\AndroidManifest.xml:41:17-77
55-->src\main\AndroidManifest.xml:41:27-74
56            </intent-filter>
57        </activity>
58
59        <provider
59-->[com.mapbox.mapboxsdk:mapbox-android-telemetry:6.1.0] AndroidManifest.xml:18:9-22:39
60            android:name="com.mapbox.android.telemetry.provider.MapboxTelemetryInitProvider"
60-->[com.mapbox.mapboxsdk:mapbox-android-telemetry:6.1.0] AndroidManifest.xml:19:13-93
61            android:authorities="com.example.quaketodayid.mapboxtelemetryinitprovider"
61-->[com.mapbox.mapboxsdk:mapbox-android-telemetry:6.1.0] AndroidManifest.xml:20:13-79
62            android:exported="false"
62-->[com.mapbox.mapboxsdk:mapbox-android-telemetry:6.1.0] AndroidManifest.xml:21:13-37
63            android:initOrder="100" />
63-->[com.mapbox.mapboxsdk:mapbox-android-telemetry:6.1.0] AndroidManifest.xml:22:13-36
64
65        <service
65-->[com.mapbox.mapboxsdk:mapbox-android-telemetry:6.1.0] AndroidManifest.xml:24:9-26:72
66            android:name="com.mapbox.android.telemetry.errors.ErrorReporterJobIntentService"
66-->[com.mapbox.mapboxsdk:mapbox-android-telemetry:6.1.0] AndroidManifest.xml:25:13-93
67            android:permission="android.permission.BIND_JOB_SERVICE" />
67-->[com.mapbox.mapboxsdk:mapbox-android-telemetry:6.1.0] AndroidManifest.xml:26:13-69
68        <service
68-->[androidx.work:work-runtime:2.7.1] AndroidManifest.xml:41:9-46:35
69            android:name="androidx.work.impl.background.systemalarm.SystemAlarmService"
69-->[androidx.work:work-runtime:2.7.1] AndroidManifest.xml:42:13-88
70            android:directBootAware="false"
70-->[androidx.work:work-runtime:2.7.1] AndroidManifest.xml:43:13-44
71            android:enabled="@bool/enable_system_alarm_service_default"
71-->[androidx.work:work-runtime:2.7.1] AndroidManifest.xml:44:13-72
72            android:exported="false" />
72-->[androidx.work:work-runtime:2.7.1] AndroidManifest.xml:45:13-37
73        <service
73-->[androidx.work:work-runtime:2.7.1] AndroidManifest.xml:47:9-53:35
74            android:name="androidx.work.impl.background.systemjob.SystemJobService"
74-->[androidx.work:work-runtime:2.7.1] AndroidManifest.xml:48:13-84
75            android:directBootAware="false"
75-->[androidx.work:work-runtime:2.7.1] AndroidManifest.xml:49:13-44
76            android:enabled="@bool/enable_system_job_service_default"
76-->[androidx.work:work-runtime:2.7.1] AndroidManifest.xml:50:13-70
77            android:exported="true"
77-->[androidx.work:work-runtime:2.7.1] AndroidManifest.xml:51:13-36
78            android:permission="android.permission.BIND_JOB_SERVICE" />
78-->[androidx.work:work-runtime:2.7.1] AndroidManifest.xml:52:13-69
79        <service
79-->[androidx.work:work-runtime:2.7.1] AndroidManifest.xml:54:9-59:35
80            android:name="androidx.work.impl.foreground.SystemForegroundService"
80-->[androidx.work:work-runtime:2.7.1] AndroidManifest.xml:55:13-81
81            android:directBootAware="false"
81-->[androidx.work:work-runtime:2.7.1] AndroidManifest.xml:56:13-44
82            android:enabled="@bool/enable_system_foreground_service_default"
82-->[androidx.work:work-runtime:2.7.1] AndroidManifest.xml:57:13-77
83            android:exported="false" />
83-->[androidx.work:work-runtime:2.7.1] AndroidManifest.xml:58:13-37
84
85        <receiver
85-->[androidx.work:work-runtime:2.7.1] AndroidManifest.xml:61:9-66:35
86            android:name="androidx.work.impl.utils.ForceStopRunnable$BroadcastReceiver"
86-->[androidx.work:work-runtime:2.7.1] AndroidManifest.xml:62:13-88
87            android:directBootAware="false"
87-->[androidx.work:work-runtime:2.7.1] AndroidManifest.xml:63:13-44
88            android:enabled="true"
88-->[androidx.work:work-runtime:2.7.1] AndroidManifest.xml:64:13-35
89            android:exported="false" />
89-->[androidx.work:work-runtime:2.7.1] AndroidManifest.xml:65:13-37
90        <receiver
90-->[androidx.work:work-runtime:2.7.1] AndroidManifest.xml:67:9-77:20
91            android:name="androidx.work.impl.background.systemalarm.ConstraintProxy$BatteryChargingProxy"
91-->[androidx.work:work-runtime:2.7.1] AndroidManifest.xml:68:13-106
92            android:directBootAware="false"
92-->[androidx.work:work-runtime:2.7.1] AndroidManifest.xml:69:13-44
93            android:enabled="false"
93-->[androidx.work:work-runtime:2.7.1] AndroidManifest.xml:70:13-36
94            android:exported="false" >
94-->[androidx.work:work-runtime:2.7.1] AndroidManifest.xml:71:13-37
95            <intent-filter>
95-->[androidx.work:work-runtime:2.7.1] AndroidManifest.xml:73:13-76:29
96                <action android:name="android.intent.action.ACTION_POWER_CONNECTED" />
96-->[androidx.work:work-runtime:2.7.1] AndroidManifest.xml:74:17-87
96-->[androidx.work:work-runtime:2.7.1] AndroidManifest.xml:74:25-84
97                <action android:name="android.intent.action.ACTION_POWER_DISCONNECTED" />
97-->[androidx.work:work-runtime:2.7.1] AndroidManifest.xml:75:17-90
97-->[androidx.work:work-runtime:2.7.1] AndroidManifest.xml:75:25-87
98            </intent-filter>
99        </receiver>
100        <receiver
100-->[androidx.work:work-runtime:2.7.1] AndroidManifest.xml:78:9-88:20
101            android:name="androidx.work.impl.background.systemalarm.ConstraintProxy$BatteryNotLowProxy"
101-->[androidx.work:work-runtime:2.7.1] AndroidManifest.xml:79:13-104
102            android:directBootAware="false"
102-->[androidx.work:work-runtime:2.7.1] AndroidManifest.xml:80:13-44
103            android:enabled="false"
103-->[androidx.work:work-runtime:2.7.1] AndroidManifest.xml:81:13-36
104            android:exported="false" >
104-->[androidx.work:work-runtime:2.7.1] AndroidManifest.xml:82:13-37
105            <intent-filter>
105-->[androidx.work:work-runtime:2.7.1] AndroidManifest.xml:84:13-87:29
106                <action android:name="android.intent.action.BATTERY_OKAY" />
106-->[androidx.work:work-runtime:2.7.1] AndroidManifest.xml:85:17-77
106-->[androidx.work:work-runtime:2.7.1] AndroidManifest.xml:85:25-74
107                <action android:name="android.intent.action.BATTERY_LOW" />
107-->[androidx.work:work-runtime:2.7.1] AndroidManifest.xml:86:17-76
107-->[androidx.work:work-runtime:2.7.1] AndroidManifest.xml:86:25-73
108            </intent-filter>
109        </receiver>
110        <receiver
110-->[androidx.work:work-runtime:2.7.1] AndroidManifest.xml:89:9-99:20
111            android:name="androidx.work.impl.background.systemalarm.ConstraintProxy$StorageNotLowProxy"
111-->[androidx.work:work-runtime:2.7.1] AndroidManifest.xml:90:13-104
112            android:directBootAware="false"
112-->[androidx.work:work-runtime:2.7.1] AndroidManifest.xml:91:13-44
113            android:enabled="false"
113-->[androidx.work:work-runtime:2.7.1] AndroidManifest.xml:92:13-36
114            android:exported="false" >
114-->[androidx.work:work-runtime:2.7.1] AndroidManifest.xml:93:13-37
115            <intent-filter>
115-->[androidx.work:work-runtime:2.7.1] AndroidManifest.xml:95:13-98:29
116                <action android:name="android.intent.action.DEVICE_STORAGE_LOW" />
116-->[androidx.work:work-runtime:2.7.1] AndroidManifest.xml:96:17-83
116-->[androidx.work:work-runtime:2.7.1] AndroidManifest.xml:96:25-80
117                <action android:name="android.intent.action.DEVICE_STORAGE_OK" />
117-->[androidx.work:work-runtime:2.7.1] AndroidManifest.xml:97:17-82
117-->[androidx.work:work-runtime:2.7.1] AndroidManifest.xml:97:25-79
118            </intent-filter>
119        </receiver>
120        <receiver
120-->[androidx.work:work-runtime:2.7.1] AndroidManifest.xml:100:9-109:20
121            android:name="androidx.work.impl.background.systemalarm.ConstraintProxy$NetworkStateProxy"
121-->[androidx.work:work-runtime:2.7.1] AndroidManifest.xml:101:13-103
122            android:directBootAware="false"
122-->[androidx.work:work-runtime:2.7.1] AndroidManifest.xml:102:13-44
123            android:enabled="false"
123-->[androidx.work:work-runtime:2.7.1] AndroidManifest.xml:103:13-36
124            android:exported="false" >
124-->[androidx.work:work-runtime:2.7.1] AndroidManifest.xml:104:13-37
125            <intent-filter>
125-->[androidx.work:work-runtime:2.7.1] AndroidManifest.xml:106:13-108:29
126                <action android:name="android.net.conn.CONNECTIVITY_CHANGE" />
126-->[androidx.work:work-runtime:2.7.1] AndroidManifest.xml:107:17-79
126-->[androidx.work:work-runtime:2.7.1] AndroidManifest.xml:107:25-76
127            </intent-filter>
128        </receiver>
129        <receiver
129-->[androidx.work:work-runtime:2.7.1] AndroidManifest.xml:110:9-121:20
130            android:name="androidx.work.impl.background.systemalarm.RescheduleReceiver"
130-->[androidx.work:work-runtime:2.7.1] AndroidManifest.xml:111:13-88
131            android:directBootAware="false"
131-->[androidx.work:work-runtime:2.7.1] AndroidManifest.xml:112:13-44
132            android:enabled="false"
132-->[androidx.work:work-runtime:2.7.1] AndroidManifest.xml:113:13-36
133            android:exported="false" >
133-->[androidx.work:work-runtime:2.7.1] AndroidManifest.xml:114:13-37
134            <intent-filter>
134-->[androidx.work:work-runtime:2.7.1] AndroidManifest.xml:116:13-120:29
135                <action android:name="android.intent.action.BOOT_COMPLETED" />
135-->[androidx.work:work-runtime:2.7.1] AndroidManifest.xml:117:17-79
135-->[androidx.work:work-runtime:2.7.1] AndroidManifest.xml:117:25-76
136                <action android:name="android.intent.action.TIME_SET" />
136-->[androidx.work:work-runtime:2.7.1] AndroidManifest.xml:118:17-73
136-->[androidx.work:work-runtime:2.7.1] AndroidManifest.xml:118:25-70
137                <action android:name="android.intent.action.TIMEZONE_CHANGED" />
137-->[androidx.work:work-runtime:2.7.1] AndroidManifest.xml:119:17-81
137-->[androidx.work:work-runtime:2.7.1] AndroidManifest.xml:119:25-78
138            </intent-filter>
139        </receiver>
140        <receiver
140-->[androidx.work:work-runtime:2.7.1] AndroidManifest.xml:122:9-131:20
141            android:name="androidx.work.impl.background.systemalarm.ConstraintProxyUpdateReceiver"
141-->[androidx.work:work-runtime:2.7.1] AndroidManifest.xml:123:13-99
142            android:directBootAware="false"
142-->[androidx.work:work-runtime:2.7.1] AndroidManifest.xml:124:13-44
143            android:enabled="@bool/enable_system_alarm_service_default"
143-->[androidx.work:work-runtime:2.7.1] AndroidManifest.xml:125:13-72
144            android:exported="false" >
144-->[androidx.work:work-runtime:2.7.1] AndroidManifest.xml:126:13-37
145            <intent-filter>
145-->[androidx.work:work-runtime:2.7.1] AndroidManifest.xml:128:13-130:29
146                <action android:name="androidx.work.impl.background.systemalarm.UpdateProxies" />
146-->[androidx.work:work-runtime:2.7.1] AndroidManifest.xml:129:17-98
146-->[androidx.work:work-runtime:2.7.1] AndroidManifest.xml:129:25-95
147            </intent-filter>
148        </receiver>
149        <receiver
149-->[androidx.work:work-runtime:2.7.1] AndroidManifest.xml:132:9-142:20
150            android:name="androidx.work.impl.diagnostics.DiagnosticsReceiver"
150-->[androidx.work:work-runtime:2.7.1] AndroidManifest.xml:133:13-78
151            android:directBootAware="false"
151-->[androidx.work:work-runtime:2.7.1] AndroidManifest.xml:134:13-44
152            android:enabled="true"
152-->[androidx.work:work-runtime:2.7.1] AndroidManifest.xml:135:13-35
153            android:exported="true"
153-->[androidx.work:work-runtime:2.7.1] AndroidManifest.xml:136:13-36
154            android:permission="android.permission.DUMP" >
154-->[androidx.work:work-runtime:2.7.1] AndroidManifest.xml:137:13-57
155            <intent-filter>
155-->[androidx.work:work-runtime:2.7.1] AndroidManifest.xml:139:13-141:29
156                <action android:name="androidx.work.diagnostics.REQUEST_DIAGNOSTICS" />
156-->[androidx.work:work-runtime:2.7.1] AndroidManifest.xml:140:17-88
156-->[androidx.work:work-runtime:2.7.1] AndroidManifest.xml:140:25-85
157            </intent-filter>
158        </receiver>
159
160        <service
160-->[androidx.room:room-runtime:2.4.0] AndroidManifest.xml:25:9-28:40
161            android:name="androidx.room.MultiInstanceInvalidationService"
161-->[androidx.room:room-runtime:2.4.0] AndroidManifest.xml:26:13-74
162            android:directBootAware="true"
162-->[androidx.room:room-runtime:2.4.0] AndroidManifest.xml:27:13-43
163            android:exported="false" />
163-->[androidx.room:room-runtime:2.4.0] AndroidManifest.xml:28:13-37
164    </application>
165
166</manifest>